*** Using Compiler 'V5.06 update 7 (build 960)', folder: 'C:\Keil_v5\ARM\ARMCC\Bin'
Rebuild target 'Project'
compiling misc.c...
compiling stm32f10x_can.c...
compiling stm32f10x_fsmc.c...
assembling startup_stm32f10x_hd.s...
compiling stm32f10x_dma.c...
compiling stm32f10x_cec.c...
compiling stm32f10x_flash.c...
compiling core_cm3.c...
compiling stm32f10x_bkp.c...
compiling stm32f10x_crc.c...
compiling stm32f10x_dac.c...
compiling stm32f10x_dbgmcu.c...
compiling stm32f10x_exti.c...
compiling stm32f10x_gpio.c...
compiling stm32f10x_adc.c...
compiling stm32f10x_i2c.c...
compiling stm32f10x_iwdg.c...
compiling stm32f10x_pwr.c...
compiling stm32f10x_sdio.c...
compiling stm32f10x_rtc.c...
compiling stm32f10x_rcc.c...
compiling stm32f10x_spi.c...
compiling stm32f10x_wwdg.c...
compiling stm32f10x_tim.c...
compiling stm32f10x_usart.c...
compiling delay.c...
compiling usart.c...
compiling stm32f10x_it.c...
compiling main.c...
main.c(122): warning:  #223-D: function "velocity" declared implicitly
              Velocity_Pwm = velocity(Encoder_L, Encoder_R);
main.c(113): warning:  #177-D: variable "gyroy"  was declared but never referenced
          int16_t gyrox, gyroy, gyroz;
main.c(113): warning:  #177-D: variable "gyroz"  was declared but never referenced
          int16_t gyrox, gyroy, gyroz;
main.c: 3 warnings, 0 errors
compiling system_stm32f10x.c...
compiling sys.c...
compiling cs.c...
compiling pwm.c...
compiling motor.c...
..\HARDWARE\motor\motor.c(130): warning:  #223-D: function "myabs" declared implicitly
      PWMB = myabs(motor_left); // PWM 大小对应转速的大小
..\HARDWARE\motor\motor.c: 1 warning, 0 errors
compiling bluetooth.c...
compiling balance.c...
compiling control.c...
compiling mpu6050.c...
compiling i2c.c...
compiling I2C_MPU6050.c...
compiling inv_mpu.c...
compiling inv_mpu_dmp_motion_driver.c...
linking...
..\OBJ\Templete.axf: Error: L6200E: Symbol PWMA multiply defined (by motor.o and main.o).
..\OBJ\Templete.axf: Error: L6200E: Symbol PWMA multiply defined (by control.o and main.o).
..\OBJ\Templete.axf: Error: L6200E: Symbol PWMA multiply defined (by balance.o and main.o).
..\OBJ\Templete.axf: Error: L6200E: Symbol PWMB multiply defined (by motor.o and main.o).
..\OBJ\Templete.axf: Error: L6200E: Symbol PWMB multiply defined (by control.o and main.o).
..\OBJ\Templete.axf: Error: L6200E: Symbol PWMB multiply defined (by balance.o and main.o).
Not enough information to list image symbols.
Not enough information to list load addresses in the image map.
Finished: 2 information, 0 warning and 6 error messages.
"..\OBJ\Templete.axf" - 6 Error(s), 4 Warning(s).
Target not created.
Build Time Elapsed:  00:00:03
